<?xml version="1.0" encoding="UTF-8"?>
<!-- Generated by org.testng.reporters.JUnitXMLReporter -->
<testsuite hostname="AIPLLTH323" ignored="2" name="Test.pos" tests="2" failures="0" timestamp="07 Jan 2022 16:50:05 GMT" time="15.42" errors="0">
  <testcase name="VerifyAppDis" time="1.473" classname="com.testcases.TenantBasedPartition"/>
  <testcase name="test" time="13.424" classname="com.testcases.Partnermanagment"/>
  <testcase name="@AfterTest quit" time="0.0" classname="com.testbase.BaseTest">
    <ignored/>
  </testcase> <!-- @AfterTest quit -->
  <testcase name="@BeforeTest beforeTest" time="0.0" classname="com.testbase.BaseTest">
    <ignored/>
  </testcase> <!-- @BeforeTest beforeTest -->
</testsuite> <!-- Test.pos -->
