<?xml version="1.0" encoding="UTF-8"?>
<!-- Generated by org.testng.reporters.JUnitXMLReporter -->
<testsuite hostname="AIPLLTH323" ignored="0" name="Test.neg" tests="5" failures="0" timestamp="04 Jan 2022 11:51:07 GMT" time="1.519" errors="0">
  <testcase name="test" time="0.001" classname="com.hybrid.testcases.InboundwithoutPartitions"/>
  <testcase name="test1" time="0.001" classname="com.hybrid.testcases.InboundwithoutPartitions"/>
  <testcase name="test2" time="0.001" classname="com.hybrid.testcases.InboundwithoutPartitions"/>
  <testcase name="VerifyAppDis" time="1.508" classname="com.hybrid.testcases.TenantBasedPartition"/>
  <testcase name="test" time="0.0" classname="com.hybrid.testcases.Partnermanagment"/>
</testsuite> <!-- Test.neg -->
