<?xml version="1.0" encoding="UTF-8"?>
<!-- Generated by org.testng.reporters.JUnitXMLReporter -->
<testsuite hostname="AIPLLTH323" ignored="2" name="Create Inbound-Create New Inbound-It.1" tests="1" failures="0" timestamp="22 Mar 2022 12:09:46 GMT" time="4.601" errors="0">
  <testcase name="testinbound" time="2.386" classname="com.testcases.InboundwithoutPartitions"/>
  <testcase name="test2" time="0.0" classname="com.testcases.InboundwithoutPartitions">
    <ignored/>
  </testcase> <!-- test2 -->
  <testcase name="test1" time="0.0" classname="com.testcases.InboundwithoutPartitions">
    <ignored/>
  </testcase> <!-- test1 -->
</testsuite> <!-- Create Inbound-Create New Inbound-It.1 -->
