<?xml version="1.0" encoding="UTF-8"?>
<!-- Generated by org.testng.reporters.JUnitXMLReporter -->
<testsuite hostname="AIPLLTH323" ignored="1" name="Create Inbound1-Create new Inbound1-It.2" tests="2" failures="0" timestamp="22 Mar 2022 07:14:59 GMT" time="0.414" errors="0">
  <testcase name="@BeforeTest beforeTest" time="0.379" classname="com.testbase.BaseTest">
    <skipped/>
  </testcase> <!-- @BeforeTest beforeTest -->
  <testcase name="testinbound" time="0.0" classname="com.testcases.InboundwithoutPartitions">
    <skipped/>
  </testcase> <!-- testinbound -->
  <testcase name="test2" time="0.0" classname="com.testcases.InboundwithoutPartitions">
    <skipped/>
  </testcase> <!-- test2 -->
  <testcase name="test1" time="0.0" classname="com.testcases.InboundwithoutPartitions">
    <ignored/>
  </testcase> <!-- test1 -->
</testsuite> <!-- Create Inbound1-Create new Inbound1-It.2 -->
