<?xml version="1.0" encoding="UTF-8"?>
<!-- Generated by org.testng.reporters.JUnitXMLReporter -->
<testsuite hostname="AIPLLTH323" ignored="1" name="Create Inbound1-Create new Inbound1-It.1" tests="2" failures="0" timestamp="22 Mar 2022 12:09:49 GMT" time="1.514" errors="0">
  <testcase name="testinbound" time="0.874" classname="com.testcases.InboundwithoutPartitions"/>
  <testcase name="test2" time="0.0" classname="com.testcases.InboundwithoutPartitions"/>
  <testcase name="test1" time="0.0" classname="com.testcases.InboundwithoutPartitions">
    <ignored/>
  </testcase> <!-- test1 -->
</testsuite> <!-- Create Inbound1-Create new Inbound1-It.1 -->
