<?xml version="1.0" encoding="UTF-8"?>
<testng-results skipped="0" failed="0" ignored="5" total="9" passed="4">
  <reporter-output>
  </reporter-output>
  <suite name="InboundwithoutPartitions Suite" duration-ms="7722" started-at="2022-03-22T12:09:41Z" finished-at="2022-03-22T12:09:49Z">
    <groups>
    </groups>
    <test name="Create Inbound-Create New Inbound-It.1" duration-ms="4601" started-at="2022-03-22T12:09:41Z" finished-at="2022-03-22T12:09:46Z">
      <class name="com.testcases.InboundwithoutPartitions">
        <test-method status="PASS" signature="beforeTest(org.testng.ITestContext)[pri:0, instance:com.testcases.InboundwithoutPartitions@61443d8f]" name="beforeTest" is-config="true" duration-ms="1707" started-at="2022-03-22T17:39:41Z" finished-at="2022-03-22T17:39:43Z">
          <params>
            <param index="0">
              <value>
                <![CDATA[org.testng.TestRunner@60bdf15d]]>
              </value>
            </param>
          </params>
          <reporter-output>
          </reporter-output>
        </test-method> <!-- beforeTest -->
        <test-method status="PASS" signature="beforeMethod(org.testng.ITestContext)[pri:0, instance:com.testcases.InboundwithoutPartitions@61443d8f]" name="beforeMethod" is-config="true" duration-ms="1" started-at="2022-03-22T17:39:43Z" finished-at="2022-03-22T17:39:43Z">
          <params>
            <param index="0">
              <value>
                <![CDATA[org.testng.TestRunner@60bdf15d]]>
              </value>
            </param>
          </params>
          <reporter-output>
          </reporter-output>
        </test-method> <!-- beforeMethod -->
        <test-method status="PASS" signature="testinbound(org.testng.ITestContext)[pri:0, instance:com.testcases.InboundwithoutPartitions@61443d8f]" name="testinbound" duration-ms="2386" started-at="2022-03-22T17:39:43Z" finished-at="2022-03-22T17:39:45Z">
          <params>
            <param index="0">
              <value>
                <![CDATA[org.testng.TestRunner@60bdf15d]]>
              </value>
            </param>
          </params>
          <reporter-output>
          </reporter-output>
        </test-method> <!-- testinbound -->
        <test-method status="PASS" signature="quit(org.testng.ITestContext)[pri:0, instance:com.testcases.InboundwithoutPartitions@61443d8f]" name="quit" is-config="true" duration-ms="483" started-at="2022-03-22T17:39:45Z" finished-at="2022-03-22T17:39:46Z">
          <params>
            <param index="0">
              <value>
                <![CDATA[org.testng.TestRunner@60bdf15d]]>
              </value>
            </param>
          </params>
          <reporter-output>
          </reporter-output>
        </test-method> <!-- quit -->
      </class> <!-- com.testcases.InboundwithoutPartitions -->
    </test> <!-- Create Inbound-Create New Inbound-It.1 -->
    <test name="Create Inbound-Create New Inbound-It.2" duration-ms="1598" started-at="2022-03-22T12:09:46Z" finished-at="2022-03-22T12:09:48Z">
      <class name="com.testcases.InboundwithoutPartitions">
        <test-method status="PASS" signature="beforeTest(org.testng.ITestContext)[pri:0, instance:com.testcases.InboundwithoutPartitions@d7b1517]" name="beforeTest" is-config="true" duration-ms="654" started-at="2022-03-22T17:39:46Z" finished-at="2022-03-22T17:39:47Z">
          <params>
            <param index="0">
              <value>
                <![CDATA[org.testng.TestRunner@3aa3193a]]>
              </value>
            </param>
          </params>
          <reporter-output>
          </reporter-output>
        </test-method> <!-- beforeTest -->
        <test-method status="PASS" signature="beforeMethod(org.testng.ITestContext)[pri:0, instance:com.testcases.InboundwithoutPartitions@d7b1517]" name="beforeMethod" is-config="true" duration-ms="0" started-at="2022-03-22T17:39:47Z" finished-at="2022-03-22T17:39:47Z">
          <params>
            <param index="0">
              <value>
                <![CDATA[org.testng.TestRunner@3aa3193a]]>
              </value>
            </param>
          </params>
          <reporter-output>
          </reporter-output>
        </test-method> <!-- beforeMethod -->
        <test-method status="PASS" signature="testinbound(org.testng.ITestContext)[pri:0, instance:com.testcases.InboundwithoutPartitions@d7b1517]" name="testinbound" duration-ms="863" started-at="2022-03-22T17:39:47Z" finished-at="2022-03-22T17:39:47Z">
          <params>
            <param index="0">
              <value>
                <![CDATA[org.testng.TestRunner@3aa3193a]]>
              </value>
            </param>
          </params>
          <reporter-output>
          </reporter-output>
        </test-method> <!-- testinbound -->
        <test-method status="PASS" signature="quit(org.testng.ITestContext)[pri:0, instance:com.testcases.InboundwithoutPartitions@d7b1517]" name="quit" is-config="true" duration-ms="80" started-at="2022-03-22T17:39:47Z" finished-at="2022-03-22T17:39:48Z">
          <params>
            <param index="0">
              <value>
                <![CDATA[org.testng.TestRunner@3aa3193a]]>
              </value>
            </param>
          </params>
          <reporter-output>
          </reporter-output>
        </test-method> <!-- quit -->
      </class> <!-- com.testcases.InboundwithoutPartitions -->
    </test> <!-- Create Inbound-Create New Inbound-It.2 -->
    <test name="Create Inbound1-Create new Inbound1-It.1" duration-ms="1514" started-at="2022-03-22T12:09:48Z" finished-at="2022-03-22T12:09:49Z">
      <class name="com.testcases.InboundwithoutPartitions">
        <test-method status="PASS" signature="beforeTest(org.testng.ITestContext)[pri:0, instance:com.testcases.InboundwithoutPartitions@3c5a99da]" name="beforeTest" is-config="true" duration-ms="555" started-at="2022-03-22T17:39:48Z" finished-at="2022-03-22T17:39:48Z">
          <params>
            <param index="0">
              <value>
                <![CDATA[org.testng.TestRunner@52d10fb8]]>
              </value>
            </param>
          </params>
          <reporter-output>
          </reporter-output>
        </test-method> <!-- beforeTest -->
        <test-method status="PASS" signature="beforeMethod(org.testng.ITestContext)[pri:0, instance:com.testcases.InboundwithoutPartitions@3c5a99da]" name="beforeMethod" is-config="true" duration-ms="0" started-at="2022-03-22T17:39:48Z" finished-at="2022-03-22T17:39:48Z">
          <params>
            <param index="0">
              <value>
                <![CDATA[org.testng.TestRunner@52d10fb8]]>
              </value>
            </param>
          </params>
          <reporter-output>
          </reporter-output>
        </test-method> <!-- beforeMethod -->
        <test-method status="PASS" signature="testinbound(org.testng.ITestContext)[pri:0, instance:com.testcases.InboundwithoutPartitions@3c5a99da]" name="testinbound" duration-ms="874" started-at="2022-03-22T17:39:48Z" finished-at="2022-03-22T17:39:49Z">
          <params>
            <param index="0">
              <value>
                <![CDATA[org.testng.TestRunner@52d10fb8]]>
              </value>
            </param>
          </params>
          <reporter-output>
          </reporter-output>
        </test-method> <!-- testinbound -->
        <test-method status="PASS" signature="beforeMethod(org.testng.ITestContext)[pri:0, instance:com.testcases.InboundwithoutPartitions@3c5a99da]" name="beforeMethod" is-config="true" duration-ms="1" started-at="2022-03-22T17:39:49Z" finished-at="2022-03-22T17:39:49Z">
          <params>
            <param index="0">
              <value>
                <![CDATA[org.testng.TestRunner@52d10fb8]]>
              </value>
            </param>
          </params>
          <reporter-output>
          </reporter-output>
        </test-method> <!-- beforeMethod -->
        <test-method status="PASS" signature="test2()[pri:0, instance:com.testcases.InboundwithoutPartitions@3c5a99da]" name="test2" duration-ms="0" started-at="2022-03-22T17:39:49Z" finished-at="2022-03-22T17:39:49Z">
          <reporter-output>
          </reporter-output>
        </test-method> <!-- test2 -->
        <test-method status="PASS" signature="quit(org.testng.ITestContext)[pri:0, instance:com.testcases.InboundwithoutPartitions@3c5a99da]" name="quit" is-config="true" duration-ms="82" started-at="2022-03-22T17:39:49Z" finished-at="2022-03-22T17:39:49Z">
          <params>
            <param index="0">
              <value>
                <![CDATA[org.testng.TestRunner@52d10fb8]]>
              </value>
            </param>
          </params>
          <reporter-output>
          </reporter-output>
        </test-method> <!-- quit -->
      </class> <!-- com.testcases.InboundwithoutPartitions -->
    </test> <!-- Create Inbound1-Create new Inbound1-It.1 -->
  </suite> <!-- InboundwithoutPartitions Suite -->
</testng-results>
